Arguments: 
  /usr/local/Cellar/node/9.5.0/bin/node /Users/chuck/.yarn/bin/yarn.js update immutable

PATH: 
  /Users/chuck/.jenv/shims:/Users/chuck/.yarn/bin:/Users/chuck/.config/yarn/global/node_modules/.bin:/Users/chuck/.composer/vendor/bin:/Users/chuck/.fastlane/bin:/usr/local/opt/php70/bin:/usr/local/bin:/usr/bin:/bin:/usr/sbin:/sbin:/opt/X11/bin:/usr/local/MacGPG2/bin:/Users/chuck/.jenv/shims:/Users/chuck/.yarn/bin:/Users/chuck/.config/yarn/global/node_modules/.bin:/Users/chuck/.composer/vendor/bin:/Users/chuck/.fastlane/bin:/usr/local/opt/php70/bin:/Users/chuck/Library/Android/sdk/tools:/Users/chuck/Library/Android/sdk/platform-tools:/Users/chuck/Library/Android/sdk/tools:/Users/chuck/Library/Android/sdk/platform-tools

Yarn version: 
  1.5.1

Node version: 
  9.5.0

Platform: 
  darwin x64

npm manifest: 
  {
    "dependencies": {
      "immutable": "^3.8.2"
    }
  }

yarn manifest: 
  No manifest

Lockfile: 
  # THIS IS AN AUTOGENERATED FILE. DO NOT EDIT THIS FILE DIRECTLY.
  # yarn lockfile v1
  
  
  immutable@^3.8.2:
    version "3.8.2"
    resolved "https://registry.yarnpkg.com/immutable/-/immutable-3.8.2.tgz#c2439951455bb39913daf281376f1530e104adf3"

Trace: 
  Error: Command "update" not found.
      at new MessageError (/Users/chuck/.yarn/lib/cli.js:186:110)
      at /Users/chuck/.yarn/lib/cli.js:87307:17
      at Generator.next (<anonymous>)
      at step (/Users/chuck/.yarn/lib/cli.js:98:30)
      at /Users/chuck/.yarn/lib/cli.js:116:14
      at new Promise (<anonymous>)
      at new F (/Users/chuck/.yarn/lib/cli.js:23451:28)
      at /Users/chuck/.yarn/lib/cli.js:95:12
      at runCommand (/Users/chuck/.yarn/lib/cli.js:87312:22)
      at Object.<anonymous> (/Users/chuck/.yarn/lib/cli.js:87412:14)
